<?xml version="1.0" encoding="UTF-8"?>
<!-- Generated by org.testng.reporters.JUnitReportReporter -->
<testsuite hostname="DESKTOP-LIMR78O" failures="0" tests="1" name="ktctc.ecommerce1.ViewBasketPageTest" time="31.133" errors="0" timestamp="2022-01-25T12:21:40 IST" skipped="0">
  <testcase classname="ktctc.ecommerce1.ViewBasketPageTest" name="validatePlaceOrderTest" time="31.133"/>
  <system-out/>
</testsuite> <!-- ktctc.ecommerce1.ViewBasketPageTest -->
