<?xml version="1.0" encoding="UTF-8"?>
<!-- Generated by org.testng.reporters.JUnitReportReporter -->
<testsuite hostname="DESKTOP-LIMR78O" failures="0" tests="2" name="ktctc.ecommerce1.LoginPageTest" time="25.669" errors="0" timestamp="2022-01-27T16:32:52 IST" skipped="0">
  <testcase classname="ktctc.ecommerce1.LoginPageTest" name="validateLogoTest" time="6.539"/>
  <system-out/>
  <testcase classname="ktctc.ecommerce1.LoginPageTest" name="loginToIndexPageTest" time="19.130"/>
  <system-out/>
</testsuite> <!-- ktctc.ecommerce1.LoginPageTest -->
