<?xml version="1.0" encoding="UTF-8"?>
<!-- Generated by org.testng.reporters.JUnitReportReporter -->
<testsuite hostname="DESKTOP-LIMR78O" failures="0" tests="1" name="ktctc.ecommerce1.SearchPageTest" time="21.439" errors="0" timestamp="2022-01-27T16:35:14 IST" skipped="0">
  <testcase classname="ktctc.ecommerce1.SearchPageTest" name="validateProductSearchTest" time="21.439"/>
  <system-out/>
</testsuite> <!-- ktctc.ecommerce1.SearchPageTest -->
