<?xml version="1.0" encoding="UTF-8"?>
<!-- Generated by org.testng.reporters.JUnitReportReporter -->
<testsuite hostname="DESKTOP-LIMR78O" failures="0" tests="1" name="ktctc.ecommerce1.IndexPagetest" time="16.330" errors="0" timestamp="2022-01-27T16:34:11 IST" skipped="0">
  <testcase classname="ktctc.ecommerce1.IndexPagetest" name="validateSearchProduct" time="16.330"/>
  <system-out/>
</testsuite> <!-- ktctc.ecommerce1.IndexPagetest -->
