<?xml version="1.0" encoding="UTF-8"?>
<!-- Generated by org.testng.reporters.JUnitReportReporter -->
<testsuite hostname="DESKTOP-LIMR78O" failures="0" tests="1" name="ktctc.ecommerce1.SearchPageTest" time="22.999" errors="0" timestamp="2022-01-22T18:10:52 IST" skipped="0">
  <testcase classname="ktctc.ecommerce1.SearchPageTest" name="validateProductSearchTest" time="22.999"/>
  <system-out/>
</testsuite> <!-- ktctc.ecommerce1.SearchPageTest -->
