<?xml version="1.0" encoding="UTF-8"?>
<!-- Generated by org.testng.reporters.JUnitReportReporter -->
<testsuite hostname="DESKTOP-LIMR78O" failures="0" tests="1" name="ktctc.ecommerce1.AddToCartPageTest" time="23.045" errors="0" timestamp="2022-01-27T16:36:07 IST" skipped="0">
  <testcase classname="ktctc.ecommerce1.AddToCartPageTest" name="validateProductAddedInBaskettest" time="23.045"/>
  <system-out/>
</testsuite> <!-- ktctc.ecommerce1.AddToCartPageTest -->
